<?xml version="1.0" encoding="UTF-8"?>
<testng-results ignored="0" total="1" passed="1" failed="0" skipped="0">
  <reporter-output>
  </reporter-output>
  <suite started-at="2023-03-12T15:41:20 IST" name="Default suite" finished-at="2023-03-12T15:41:29 IST" duration-ms="9471">
    <groups>
    </groups>
    <test started-at="2023-03-12T15:41:20 IST" name="Default test" finished-at="2023-03-12T15:41:29 IST" duration-ms="9471">
      <class name="vaibhu.vaibhu.Autocomplete">
        <test-method signature="setup()[pri:1, instance:vaibhu.vaibhu.Autocomplete@52af26ee]" started-at="2023-03-12T15:41:20 IST" name="setup" finished-at="2023-03-12T15:41:29 IST" duration-ms="9433" status="PASS">
          <reporter-output>
          </reporter-output>
        </test-method> <!-- setup -->
      </class> <!-- vaibhu.vaibhu.Autocomplete -->
    </test> <!-- Default test -->
  </suite> <!-- Default suite -->
</testng-results>
